d:\cgg 1\cgg 1\x64\debug\cgg 1.pch
d:\cgg 1\cgg 1\x64\debug\vc140.pdb
d:\cgg 1\cgg 1\x64\debug\vc140.idb
d:\cgg 1\cgg 1\x64\debug\stdafx.obj
d:\cgg 1\cgg 1\x64\debug\cgg 1.obj
d:\cgg 1\cgg 1\x64\debug\childview.obj
d:\cgg 1\cgg 1\x64\debug\cmatrix.obj
d:\cgg 1\cgg 1\x64\debug\libgraph.obj
d:\cgg 1\cgg 1\x64\debug\mainfrm.obj
d:\cgg 1\x64\debug\cgg 1.ilk
d:\cgg 1\x64\debug\cgg 1.exe
d:\cgg 1\x64\debug\cgg 1.pdb
d:\cgg 1\cgg 1\x64\debug\cgg 1.res
d:\университет\4sem\кгиг\not my\cgg\cgg 1\cgg 1\x64\debug\cgg 1.obj
d:\университет\4sem\кгиг\not my\cgg\cgg 1\cgg 1\x64\debug\childview.obj
d:\университет\4sem\кгиг\not my\cgg\cgg 1\cgg 1\x64\debug\cmatrix.obj
d:\университет\4sem\кгиг\not my\cgg\cgg 1\cgg 1\x64\debug\libgraph.obj
d:\университет\4sem\кгиг\not my\cgg\cgg 1\cgg 1\x64\debug\mainfrm.obj
d:\университет\4sem\кгиг\not my\cgg\cgg 1\cgg 1\x64\debug\stdafx.obj
d:\университет\4sem\кгиг\not my\cgg\cgg 1\cgg 1\x64\debug\cgg 1.res
d:\университет\4sem\кгиг\not my\cgg\cgg 1\cgg 1\x64\debug\cgg 1.pch
d:\университет\4sem\кгиг\not my\cgg\cgg 1\cgg 1\x64\debug\vc140.idb
d:\университет\4sem\кгиг\not my\cgg\cgg 1\cgg 1\x64\debug\vc140.pdb
d:\университет\4sem\кгиг\not my\cgg\cgg 1\x64\debug\cgg 1.pdb
d:\университет\4sem\кгиг\not my\cgg\cgg 1\x64\debug\cgg 1.exe
d:\университет\4sem\кгиг\not my\cgg\cgg 1\x64\debug\cgg 1.ilk
d:\университет\4sem\кгиг\not my\cgg\cgg 1\cgg 1\x64\debug\cgg 1.tlog\cl.command.1.tlog
d:\университет\4sem\кгиг\not my\cgg\cgg 1\cgg 1\x64\debug\cgg 1.tlog\cl.read.1.tlog
d:\университет\4sem\кгиг\not my\cgg\cgg 1\cgg 1\x64\debug\cgg 1.tlog\cl.write.1.tlog
d:\университет\4sem\кгиг\not my\cgg\cgg 1\cgg 1\x64\debug\cgg 1.tlog\link.command.1.tlog
d:\университет\4sem\кгиг\not my\cgg\cgg 1\cgg 1\x64\debug\cgg 1.tlog\link.read.1.tlog
d:\университет\4sem\кгиг\not my\cgg\cgg 1\cgg 1\x64\debug\cgg 1.tlog\link.write.1.tlog
d:\университет\4sem\кгиг\not my\cgg\cgg 1\cgg 1\x64\debug\cgg 1.tlog\rc.command.1.tlog
d:\университет\4sem\кгиг\not my\cgg\cgg 1\cgg 1\x64\debug\cgg 1.tlog\rc.read.1.tlog
d:\университет\4sem\кгиг\not my\cgg\cgg 1\cgg 1\x64\debug\cgg 1.tlog\rc.write.1.tlog
