d:\университет\4sem\кгиг\not my\cgg\cgg 3\lab3\lab3\x64\debug\lab3.pch
d:\университет\4sem\кгиг\not my\cgg\cgg 3\lab3\lab3\x64\debug\vc142.pdb
d:\университет\4sem\кгиг\not my\cgg\cgg 3\lab3\lab3\x64\debug\vc142.idb
d:\университет\4sem\кгиг\not my\cgg\cgg 3\lab3\lab3\x64\debug\stdafx.obj
d:\университет\4sem\кгиг\not my\cgg\cgg 3\lab3\lab3\x64\debug\functions.obj
d:\университет\4sem\кгиг\not my\cgg\cgg 3\lab3\lab3\x64\debug\cmatrix.obj
d:\университет\4sem\кгиг\not my\cgg\cgg 3\lab3\lab3\x64\debug\cmainwin.obj
d:\университет\4sem\кгиг\not my\cgg\cgg 3\lab3\lab3\x64\debug\capp.obj
d:\университет\4sem\кгиг\лабы\cgg_3\lab3\lab3\x64\debug\lab3.pch
d:\университет\4sem\кгиг\лабы\cgg_3\lab3\lab3\x64\debug\vc142.pdb
d:\университет\4sem\кгиг\лабы\cgg_3\lab3\lab3\x64\debug\vc142.idb
d:\университет\4sem\кгиг\лабы\cgg_3\lab3\lab3\x64\debug\stdafx.obj
d:\университет\4sem\кгиг\лабы\cgg_3\lab3\lab3\x64\debug\functions.obj
d:\университет\4sem\кгиг\лабы\cgg_3\lab3\lab3\x64\debug\cmatrix.obj
d:\университет\4sem\кгиг\лабы\cgg_3\lab3\lab3\x64\debug\cmainwin.obj
d:\университет\4sem\кгиг\лабы\cgg_3\lab3\lab3\x64\debug\capp.obj
d:\университет\4sem\кгиг\not my\cgg\cgg 3\lab3\x64\debug\lab3.exe
d:\университет\4sem\кгиг\not my\cgg\cgg 3\lab3\x64\debug\lab3.ilk
d:\университет\4sem\кгиг\not my\cgg\cgg 3\lab3\x64\debug\lab3.pdb
d:\университет\4sem\кгиг\лабы\cgg_3\lab3\x64\debug\lab3.exe
d:\университет\4sem\кгиг\лабы\cgg_3\lab3\x64\debug\lab3.ilk
d:\университет\4sem\кгиг\лабы\cgg_3\lab3\x64\debug\lab3.pdb
d:\университет\4sem\кгиг\not my\cgg\cgg 3\lab3\lab3\x64\debug\lab3.res
d:\университет\4sem\кгиг\лабы\cgg_3\lab3\lab3\x64\debug\lab3.res
d:\университет\4sem\кгиг\лабы\cgg_3\lab3\lab3\x64\debug\vc141.idb
d:\университет\4sem\кгиг\лабы\cgg_3\lab3\lab3\x64\debug\vc141.pdb
d:\университет\4sem\кгиг\лабы\cgg_3\lab3\lab3\x64\debug\lab3.tlog\cl.command.1.tlog
d:\университет\4sem\кгиг\лабы\cgg_3\lab3\lab3\x64\debug\lab3.tlog\cl.read.1.tlog
d:\университет\4sem\кгиг\лабы\cgg_3\lab3\lab3\x64\debug\lab3.tlog\cl.write.1.tlog
d:\университет\4sem\кгиг\лабы\cgg_3\lab3\lab3\x64\debug\lab3.tlog\link.command.1.tlog
d:\университет\4sem\кгиг\лабы\cgg_3\lab3\lab3\x64\debug\lab3.tlog\link.read.1.tlog
d:\университет\4sem\кгиг\лабы\cgg_3\lab3\lab3\x64\debug\lab3.tlog\link.write.1.tlog
d:\университет\4sem\кгиг\лабы\cgg_3\lab3\lab3\x64\debug\lab3.tlog\rc.command.1.tlog
d:\университет\4sem\кгиг\лабы\cgg_3\lab3\lab3\x64\debug\lab3.tlog\rc.read.1.tlog
d:\университет\4sem\кгиг\лабы\cgg_3\lab3\lab3\x64\debug\lab3.tlog\rc.write.1.tlog
