c:\users\user\desktop\lab2\lab2\lab2\debug\lab2.pch
c:\users\user\desktop\lab2\lab2\lab2\debug\vc142.pdb
c:\users\user\desktop\lab2\lab2\lab2\debug\vc142.idb
c:\users\user\desktop\lab2\lab2\lab2\debug\stdafx.obj
c:\users\user\desktop\lab2\lab2\lab2\debug\mainfrm.obj
c:\users\user\desktop\lab2\lab2\lab2\debug\lab2.obj
c:\users\user\desktop\lab2\lab2\lab2\debug\graphbitmap.obj
c:\users\user\desktop\lab2\lab2\lab2\debug\childview.obj
c:\users\user\desktop\lab2\lab2\debug\lab2.exe
c:\users\user\desktop\lab2\lab2\debug\lab2.ilk
c:\users\user\desktop\lab2\lab2\debug\lab2.pdb
c:\users\user\desktop\lab2\lab2\lab2\debug\lab2.res
d:\университет\4sem\кгиг\лабы\cgg_2\lab2\lab2\debug\childview.obj
d:\университет\4sem\кгиг\лабы\cgg_2\lab2\lab2\debug\graphbitmap.obj
d:\университет\4sem\кгиг\лабы\cgg_2\lab2\lab2\debug\lab2.obj
d:\университет\4sem\кгиг\лабы\cgg_2\lab2\lab2\debug\mainfrm.obj
d:\университет\4sem\кгиг\лабы\cgg_2\lab2\lab2\debug\stdafx.obj
d:\университет\4sem\кгиг\лабы\cgg_2\lab2\lab2\debug\lab2.res
d:\университет\4sem\кгиг\лабы\cgg_2\lab2\lab2\debug\lab2.pch
d:\университет\4sem\кгиг\лабы\cgg_2\lab2\lab2\debug\vc120.idb
d:\университет\4sem\кгиг\лабы\cgg_2\lab2\lab2\debug\vc140.idb
d:\университет\4sem\кгиг\лабы\cgg_2\lab2\lab2\debug\vc141.idb
d:\университет\4sem\кгиг\лабы\cgg_2\lab2\lab2\debug\vc142.idb
d:\университет\4sem\кгиг\лабы\cgg_2\lab2\lab2\debug\vc120.pdb
d:\университет\4sem\кгиг\лабы\cgg_2\lab2\lab2\debug\vc140.pdb
d:\университет\4sem\кгиг\лабы\cgg_2\lab2\lab2\debug\vc141.pdb
d:\университет\4sem\кгиг\лабы\cgg_2\lab2\lab2\debug\vc142.pdb
d:\университет\4sem\кгиг\лабы\cgg_2\lab2\debug\lab2.pdb
d:\университет\4sem\кгиг\лабы\cgg_2\lab2\debug\lab2.exe
d:\университет\4sem\кгиг\лабы\cgg_2\lab2\debug\lab2.ilk
d:\университет\4sem\кгиг\лабы\cgg_2\lab2\lab2\debug\lab2.tlog\cl.command.1.tlog
d:\университет\4sem\кгиг\лабы\cgg_2\lab2\lab2\debug\lab2.tlog\cl.read.1.tlog
d:\университет\4sem\кгиг\лабы\cgg_2\lab2\lab2\debug\lab2.tlog\cl.write.1.tlog
d:\университет\4sem\кгиг\лабы\cgg_2\lab2\lab2\debug\lab2.tlog\link.command.1.tlog
d:\университет\4sem\кгиг\лабы\cgg_2\lab2\lab2\debug\lab2.tlog\link.delete.1.tlog
d:\университет\4sem\кгиг\лабы\cgg_2\lab2\lab2\debug\lab2.tlog\link.read.1.tlog
d:\университет\4sem\кгиг\лабы\cgg_2\lab2\lab2\debug\lab2.tlog\link.write.1.tlog
d:\университет\4sem\кгиг\лабы\cgg_2\lab2\lab2\debug\lab2.tlog\rc.command.1.tlog
d:\университет\4sem\кгиг\лабы\cgg_2\lab2\lab2\debug\lab2.tlog\rc.read.1.tlog
d:\университет\4sem\кгиг\лабы\cgg_2\lab2\lab2\debug\lab2.tlog\rc.write.1.tlog
