C:\USERS\ADMIN\DESKTOP\PYRAMID\DEBUG\PYRAMID.EXE
C:\USERS\ADMIN\DESKTOP\PYRAMID\DEBUG\PYRAMID.ILK
C:\USERS\ADMIN\DESKTOP\PYRAMID\DEBUG\PYRAMID.PDB
C:\USERS\ADMIN\DESKTOP\PYRAMID\PYRAMID\DEBUG\CHILDVIEW.OBJ
C:\USERS\ADMIN\DESKTOP\PYRAMID\PYRAMID\DEBUG\CMATRIX.OBJ
C:\USERS\ADMIN\DESKTOP\PYRAMID\PYRAMID\DEBUG\LIBGRAPH.OBJ
C:\USERS\ADMIN\DESKTOP\PYRAMID\PYRAMID\DEBUG\LIBPYRAMID.OBJ
C:\USERS\ADMIN\DESKTOP\PYRAMID\PYRAMID\DEBUG\MAINFRM.OBJ
C:\USERS\ADMIN\DESKTOP\PYRAMID\PYRAMID\DEBUG\PYRAMID.EXE.EMBED.MANIFEST
C:\USERS\ADMIN\DESKTOP\PYRAMID\PYRAMID\DEBUG\PYRAMID.EXE.EMBED.MANIFEST.RES
C:\USERS\ADMIN\DESKTOP\PYRAMID\PYRAMID\DEBUG\PYRAMID.EXE.INTERMEDIATE.MANIFEST
C:\USERS\ADMIN\DESKTOP\PYRAMID\PYRAMID\DEBUG\PYRAMID.OBJ
C:\USERS\ADMIN\DESKTOP\PYRAMID\PYRAMID\DEBUG\PYRAMID.PCH
C:\USERS\ADMIN\DESKTOP\PYRAMID\PYRAMID\DEBUG\PYRAMID.RES
C:\USERS\ADMIN\DESKTOP\PYRAMID\PYRAMID\DEBUG\STDAFX.OBJ
C:\USERS\ADMIN\DESKTOP\PYRAMID\PYRAMID\DEBUG\VC100.PDB
D:\Универ\Компьютерная геометрия и графика\projects\Pyramid\Debug\Pyramid.exe
D:\Универ\Компьютерная геометрия и графика\projects\Pyramid\Debug\Pyramid.ilk
D:\Универ\Компьютерная геометрия и графика\projects\Pyramid\Debug\Pyramid.pdb
D:\Универ\Компьютерная геометрия и графика\projects\Pyramid\Pyramid\Debug\ChildView.obj
D:\Универ\Компьютерная геометрия и графика\projects\Pyramid\Pyramid\Debug\cl.command.1.tlog
D:\Универ\Компьютерная геометрия и графика\projects\Pyramid\Pyramid\Debug\CL.read.1.tlog
D:\Универ\Компьютерная геометрия и графика\projects\Pyramid\Pyramid\Debug\CL.write.1.tlog
D:\Универ\Компьютерная геометрия и графика\projects\Pyramid\Pyramid\Debug\CMatrix.obj
D:\Универ\Компьютерная геометрия и графика\projects\Pyramid\Pyramid\Debug\LibGraph.obj
D:\Универ\Компьютерная геометрия и графика\projects\Pyramid\Pyramid\Debug\LibPyramid.obj
D:\Универ\Компьютерная геометрия и графика\projects\Pyramid\Pyramid\Debug\link.command.1.tlog
D:\Универ\Компьютерная геометрия и графика\projects\Pyramid\Pyramid\Debug\link.read.1.tlog
D:\Универ\Компьютерная геометрия и графика\projects\Pyramid\Pyramid\Debug\link.write.1.tlog
D:\Универ\Компьютерная геометрия и графика\projects\Pyramid\Pyramid\Debug\link-cvtres.read.1.tlog
D:\Универ\Компьютерная геометрия и графика\projects\Pyramid\Pyramid\Debug\link-cvtres.write.1.tlog
D:\Универ\Компьютерная геометрия и графика\projects\Pyramid\Pyramid\Debug\MainFrm.obj
D:\Универ\Компьютерная геометрия и графика\projects\Pyramid\Pyramid\Debug\mt.command.1.tlog
D:\Универ\Компьютерная геометрия и графика\projects\Pyramid\Pyramid\Debug\mt.read.1.tlog
D:\Универ\Компьютерная геометрия и графика\projects\Pyramid\Pyramid\Debug\mt.write.1.tlog
D:\Универ\Компьютерная геометрия и графика\projects\Pyramid\Pyramid\Debug\Pyramid.exe.embed.manifest
D:\Универ\Компьютерная геометрия и графика\projects\Pyramid\Pyramid\Debug\Pyramid.exe.embed.manifest.res
D:\Универ\Компьютерная геометрия и графика\projects\Pyramid\Pyramid\Debug\Pyramid.exe.intermediate.manifest
D:\Универ\Компьютерная геометрия и графика\projects\Pyramid\Pyramid\Debug\Pyramid.obj
D:\Универ\Компьютерная геометрия и графика\projects\Pyramid\Pyramid\Debug\Pyramid.pch
D:\Универ\Компьютерная геометрия и графика\projects\Pyramid\Pyramid\Debug\Pyramid.res
D:\Универ\Компьютерная геометрия и графика\projects\Pyramid\Pyramid\Debug\Pyramid.write.1.tlog
D:\Универ\Компьютерная геометрия и графика\projects\Pyramid\Pyramid\Debug\Pyramid_manifest.rc
D:\Универ\Компьютерная геометрия и графика\projects\Pyramid\Pyramid\Debug\rc.command.1.tlog
D:\Универ\Компьютерная геометрия и графика\projects\Pyramid\Pyramid\Debug\rc.read.1.tlog
D:\Универ\Компьютерная геометрия и графика\projects\Pyramid\Pyramid\Debug\rc.write.1.tlog
D:\Универ\Компьютерная геометрия и графика\projects\Pyramid\Pyramid\Debug\stdafx.obj
D:\Универ\Компьютерная геометрия и графика\projects\Pyramid\Pyramid\Debug\vc100.idb
D:\Универ\Компьютерная геометрия и графика\projects\Pyramid\Pyramid\Debug\vc100.pdb
